<?xml version="1.0" encoding="UTF-8"?>
<!-- Generated by org.testng.reporters.JUnitReportReporter -->
<testsuite hostname="Meeras-Think02" failures="0" tests="1" name="com.w2a.testcases.BMLoginTest" time="6.808" errors="0" timestamp="2025-04-02T14:54:06 EDT" skipped="0">
  <testcase classname="com.w2a.testcases.BMLoginTest" name="loginTest" time="6.808"/>
</testsuite> <!-- com.w2a.testcases.BMLoginTest -->
