<?xml version="1.0" encoding="UTF-8"?>
<!-- Generated by org.testng.reporters.JUnitReportReporter -->
<testsuite hostname="Meeras-Think02" failures="0" tests="1" name="com.w2a.testcases.BMLoginTest" time="8.126" errors="0" timestamp="2025-04-03T12:24:01 EDT" skipped="0">
  <testcase classname="com.w2a.testcases.BMLoginTest" name="bmloginTest" time="8.126"/>
</testsuite> <!-- com.w2a.testcases.BMLoginTest -->
