<?xml version="1.0" encoding="UTF-8"?>
<!-- Generated by org.testng.reporters.JUnitReportReporter -->
<testsuite hostname="Meeras-Think02" failures="0" tests="1" name="com.w2a.testcases.OpenAccountTest" time="4.741" errors="0" timestamp="2025-04-03T12:24:01 EDT" skipped="0">
  <testcase classname="com.w2a.testcases.OpenAccountTest" name="openAccountTest" time="4.741"/>
</testsuite> <!-- com.w2a.testcases.OpenAccountTest -->
